      -1.00      -0.90    14433
      -0.90      -0.80    25985
      -0.80      -0.70    32884
      -0.70      -0.60    38165
      -0.60      -0.50    41572
      -0.50      -0.40    44898
      -0.40      -0.30    46927
      -0.30      -0.20    48102
      -0.20      -0.10    49513
      -0.10       0.00    49760
       0.00       0.10    50193
       0.10       0.20    49637
       0.20       0.30    48250
       0.30       0.40    46903
       0.40       0.50    44539
       0.50       0.60    41716
       0.60       0.70    37857
       0.70       0.80    33319
       0.80       0.90    26163
       0.90       1.00    14798
